{
"contracts/Transaction.sol":{"l":{"13":33,"41":14,"42":11,"51":7,"58":12,"60":12,"65":1,"66":1,"67":1,"72":6,"73":6,"82":12,"85":12,"88":12,"99":7,"101":6,"103":6,"105":6,"106":6,"107":6,"108":6,"109":6,"110":6,"112":6,"114":6,"119":3,"124":1,"128":1,"130":1},"path":"/Users/farmcrowdy/Desktop/workspace/septha/smart_contract/contracts/Transaction.sol","s":{"1":14,"2":12,"3":12,"4":1,"5":1,"6":6,"7":12,"8":12,"9":12,"10":7,"11":6,"12":6,"13":6,"14":6,"15":3,"16":1,"17":1,"18":1},"b":{"1":[11,3],"2":[7,1],"3":[6,1],"4":[6,0],"5":[3,1],"6":[1,1],"7":[1,0]},"f":{"1":33,"2":14,"3":7,"4":12,"5":1,"6":6,"7":12,"8":7,"9":3,"10":1},"fnMap":{"1":{"name":"constructor","line":12,"loc":{"start":{"line":12,"column":4},"end":{"line":19,"column":4}}},"2":{"name":"isOwner","line":40,"loc":{"start":{"line":40,"column":4},"end":{"line":43,"column":4}}},"3":{"name":"setRate","line":50,"loc":{"start":{"line":50,"column":4},"end":{"line":52,"column":4}}},"4":{"name":"getMaticPrice","line":55,"loc":{"start":{"line":55,"column":4},"end":{"line":61,"column":4}}},"5":{"name":"getTxn","line":64,"loc":{"start":{"line":64,"column":4},"end":{"line":68,"column":4}}},"6":{"name":"addTxn","line":71,"loc":{"start":{"line":71,"column":4},"end":{"line":74,"column":4}}},"7":{"name":"amountToPay","line":77,"loc":{"start":{"line":77,"column":4},"end":{"line":89,"column":4}}},"8":{"name":"pay","line":92,"loc":{"start":{"line":92,"column":4},"end":{"line":115,"column":4}}},"9":{"name":"getBalance","line":118,"loc":{"start":{"line":118,"column":4},"end":{"line":120,"column":4}}},"10":{"name":"withdraw","line":123,"loc":{"start":{"line":123,"column":4},"end":{"line":131,"column":4}}}},"statementMap":{"1":{"start":{"line":41,"column":8},"end":{"line":41,"column":51}},"2":{"start":{"line":58,"column":8},"end":{"line":58,"column":32}},"3":{"start":{"line":60,"column":8},"end":{"line":60,"column":45}},"4":{"start":{"line":65,"column":8},"end":{"line":65,"column":32}},"5":{"start":{"line":67,"column":8},"end":{"line":67,"column":26}},"6":{"start":{"line":72,"column":8},"end":{"line":72,"column":38}},"7":{"start":{"line":82,"column":8},"end":{"line":82,"column":62}},"8":{"start":{"line":85,"column":8},"end":{"line":85,"column":62}},"9":{"start":{"line":88,"column":8},"end":{"line":88,"column":40}},"10":{"start":{"line":99,"column":8},"end":{"line":99,"column":69}},"11":{"start":{"line":101,"column":8},"end":{"line":101,"column":52}},"12":{"start":{"line":103,"column":8},"end":{"line":103,"column":23}},"13":{"start":{"line":112,"column":8},"end":{"line":112,"column":69}},"14":{"start":{"line":114,"column":8},"end":{"line":114,"column":31}},"15":{"start":{"line":119,"column":8},"end":{"line":119,"column":36}},"16":{"start":{"line":124,"column":8},"end":{"line":124,"column":3523}},"17":{"start":{"line":128,"column":8},"end":{"line":128,"column":45}},"18":{"start":{"line":130,"column":8},"end":{"line":130,"column":21}}},"branchMap":{"1":{"line":41,"type":"if","locations":[{"start":{"line":41,"column":8},"end":{"line":41,"column":8}},{"start":{"line":41,"column":8},"end":{"line":41,"column":8}}]},"2":{"line":50,"type":"if","locations":[{"start":{"line":50,"column":64},"end":{"line":50,"column":64}},{"start":{"line":50,"column":64},"end":{"line":50,"column":64}}]},"3":{"line":99,"type":"if","locations":[{"start":{"line":99,"column":8},"end":{"line":99,"column":8}},{"start":{"line":99,"column":8},"end":{"line":99,"column":8}}]},"4":{"line":112,"type":"if","locations":[{"start":{"line":112,"column":8},"end":{"line":112,"column":8}},{"start":{"line":112,"column":8},"end":{"line":112,"column":8}}]},"5":{"line":118,"type":"if","locations":[{"start":{"line":118,"column":38},"end":{"line":118,"column":38}},{"start":{"line":118,"column":38},"end":{"line":118,"column":38}}]},"6":{"line":123,"type":"if","locations":[{"start":{"line":123,"column":39},"end":{"line":123,"column":39}},{"start":{"line":123,"column":39},"end":{"line":123,"column":39}}]},"7":{"line":128,"type":"if","locations":[{"start":{"line":128,"column":8},"end":{"line":128,"column":8}},{"start":{"line":128,"column":8},"end":{"line":128,"column":8}}]}}}}
