TN:
SF:/Users/farmcrowdy/Desktop/workspace/septha/smart_contract/contracts/Transaction.sol
FN:12,constructor
FN:40,isOwner
FN:50,setRate
FN:55,getMaticPrice
FN:64,getTxn
FN:71,addTxn
FN:77,amountToPay
FN:92,pay
FN:118,getBalance
FN:123,withdraw
FNF:10
FNH:10
FNDA:33,constructor
FNDA:14,isOwner
FNDA:7,setRate
FNDA:12,getMaticPrice
FNDA:1,getTxn
FNDA:6,addTxn
FNDA:12,amountToPay
FNDA:7,pay
FNDA:3,getBalance
FNDA:1,withdraw
DA:13,33
DA:41,14
DA:42,11
DA:51,7
DA:58,12
DA:60,12
DA:65,1
DA:66,1
DA:67,1
DA:72,6
DA:73,6
DA:82,12
DA:85,12
DA:88,12
DA:99,7
DA:101,6
DA:103,6
DA:105,6
DA:106,6
DA:107,6
DA:108,6
DA:109,6
DA:110,6
DA:112,6
DA:114,6
DA:119,3
DA:124,1
DA:128,1
DA:130,1
LF:29
LH:29
BRDA:41,1,0,11
BRDA:41,1,1,3
BRDA:50,2,0,7
BRDA:50,2,1,1
BRDA:99,3,0,6
BRDA:99,3,1,1
BRDA:112,4,0,6
BRDA:112,4,1,0
BRDA:118,5,0,3
BRDA:118,5,1,1
BRDA:123,6,0,1
BRDA:123,6,1,1
BRDA:128,7,0,1
BRDA:128,7,1,0
BRF:14
BRH:12
end_of_record
